[2023-11-10T07:53:10.721+0000] {taskinstance.py:1087} INFO - Dependencies all met for <TaskInstance: customers.save_customers_to_excel manual__2023-11-10T07:53:02.407823+00:00 [queued]>
[2023-11-10T07:53:10.737+0000] {taskinstance.py:1087} INFO - Dependencies all met for <TaskInstance: customers.save_customers_to_excel manual__2023-11-10T07:53:02.407823+00:00 [queued]>
[2023-11-10T07:53:10.738+0000] {taskinstance.py:1283} INFO - 
--------------------------------------------------------------------------------
[2023-11-10T07:53:10.739+0000] {taskinstance.py:1284} INFO - Starting attempt 1 of 1
[2023-11-10T07:53:10.740+0000] {taskinstance.py:1285} INFO - 
--------------------------------------------------------------------------------
[2023-11-10T07:53:10.761+0000] {taskinstance.py:1304} INFO - Executing <Task(PythonOperator): save_customers_to_excel> on 2023-11-10 07:53:02.407823+00:00
[2023-11-10T07:53:10.769+0000] {standard_task_runner.py:55} INFO - Started process 1743 to run task
[2023-11-10T07:53:10.772+0000] {standard_task_runner.py:82} INFO - Running: ['***', 'tasks', 'run', 'customers', 'save_customers_to_excel', 'manual__2023-11-10T07:53:02.407823+00:00', '--job-id', '330', '--raw', '--subdir', 'DAGS_FOLDER/customers.py', '--cfg-path', '/tmp/tmpqxa8idq1']
[2023-11-10T07:53:10.774+0000] {standard_task_runner.py:83} INFO - Job 330: Subtask save_customers_to_excel
[2023-11-10T07:53:10.855+0000] {task_command.py:389} INFO - Running <TaskInstance: customers.save_customers_to_excel manual__2023-11-10T07:53:02.407823+00:00 [running]> on host 706d03b983c6
[2023-11-10T07:53:11.141+0000] {taskinstance.py:1513} INFO - Exporting the following env vars:
AIRFLOW_CTX_DAG_OWNER=Tetiana
AIRFLOW_CTX_DAG_ID=customers
AIRFLOW_CTX_TASK_ID=save_customers_to_excel
AIRFLOW_CTX_EXECUTION_DATE=2023-11-10T07:53:02.407823+00:00
AIRFLOW_CTX_TRY_NUMBER=1
AIRFLOW_CTX_DAG_RUN_ID=manual__2023-11-10T07:53:02.407823+00:00
[2023-11-10T07:53:11.209+0000] {base.py:73} INFO - Using connection ID 'postgres' for task execution.
[2023-11-10T07:53:11.219+0000] {taskinstance.py:1772} ERROR - Task failed with exception
Traceback (most recent call last):
  File "/home/airflow/.local/lib/python3.7/site-packages/pandas/core/indexes/base.py", line 3361, in get_loc
    return self._engine.get_loc(casted_key)
  File "pandas/_libs/index.pyx", line 76, in pandas._libs.index.IndexEngine.get_loc
  File "pandas/_libs/index.pyx", line 108, in pandas._libs.index.IndexEngine.get_loc
  File "pandas/_libs/hashtable_class_helper.pxi", line 5198, in pandas._libs.hashtable.PyObjectHashTable.get_item
  File "pandas/_libs/hashtable_class_helper.pxi", line 5206, in pandas._libs.hashtable.PyObjectHashTable.get_item
KeyError: 'Subscription'

The above exception was the direct cause of the following exception:

Traceback (most recent call last):
  File "/home/airflow/.local/lib/python3.7/site-packages/airflow/operators/python.py", line 175, in execute
    return_value = self.execute_callable()
  File "/home/airflow/.local/lib/python3.7/site-packages/airflow/operators/python.py", line 192, in execute_callable
    return self.python_callable(*self.op_args, **self.op_kwargs)
  File "/opt/airflow/dags/customers.py", line 76, in _save_customers_to_excel
    df['Years_Until_Subscription'] = df['Subscription'].apply(years_until)
  File "/home/airflow/.local/lib/python3.7/site-packages/pandas/core/frame.py", line 3458, in __getitem__
    indexer = self.columns.get_loc(key)
  File "/home/airflow/.local/lib/python3.7/site-packages/pandas/core/indexes/base.py", line 3363, in get_loc
    raise KeyError(key) from err
KeyError: 'Subscription'
[2023-11-10T07:53:11.238+0000] {taskinstance.py:1327} INFO - Marking task as FAILED. dag_id=customers, task_id=save_customers_to_excel, execution_date=20231110T075302, start_date=20231110T075310, end_date=20231110T075311
[2023-11-10T07:53:11.261+0000] {standard_task_runner.py:105} ERROR - Failed to execute job 330 for task save_customers_to_excel ('Subscription'; 1743)
[2023-11-10T07:53:11.308+0000] {local_task_job.py:159} INFO - Task exited with return code 1
[2023-11-10T07:53:11.335+0000] {taskinstance.py:2582} INFO - 0 downstream tasks scheduled from follow-on schedule check
