[2023-11-10T08:54:01.414+0000] {taskinstance.py:1087} INFO - Dependencies all met for <TaskInstance: customers.save_customers_to_excel manual__2023-11-10T08:53:54.396059+00:00 [queued]>
[2023-11-10T08:54:01.434+0000] {taskinstance.py:1087} INFO - Dependencies all met for <TaskInstance: customers.save_customers_to_excel manual__2023-11-10T08:53:54.396059+00:00 [queued]>
[2023-11-10T08:54:01.435+0000] {taskinstance.py:1283} INFO - 
--------------------------------------------------------------------------------
[2023-11-10T08:54:01.438+0000] {taskinstance.py:1284} INFO - Starting attempt 1 of 1
[2023-11-10T08:54:01.439+0000] {taskinstance.py:1285} INFO - 
--------------------------------------------------------------------------------
[2023-11-10T08:54:01.462+0000] {taskinstance.py:1304} INFO - Executing <Task(PythonOperator): save_customers_to_excel> on 2023-11-10 08:53:54.396059+00:00
[2023-11-10T08:54:01.469+0000] {standard_task_runner.py:55} INFO - Started process 291 to run task
[2023-11-10T08:54:01.472+0000] {standard_task_runner.py:82} INFO - Running: ['***', 'tasks', 'run', 'customers', 'save_customers_to_excel', 'manual__2023-11-10T08:53:54.396059+00:00', '--job-id', '408', '--raw', '--subdir', 'DAGS_FOLDER/customers_.py', '--cfg-path', '/tmp/tmp4jgl06cq']
[2023-11-10T08:54:01.474+0000] {standard_task_runner.py:83} INFO - Job 408: Subtask save_customers_to_excel
[2023-11-10T08:54:01.555+0000] {task_command.py:389} INFO - Running <TaskInstance: customers.save_customers_to_excel manual__2023-11-10T08:53:54.396059+00:00 [running]> on host e9f864b40c90
[2023-11-10T08:54:01.818+0000] {taskinstance.py:1513} INFO - Exporting the following env vars:
AIRFLOW_CTX_DAG_OWNER=Tetiana
AIRFLOW_CTX_DAG_ID=customers
AIRFLOW_CTX_TASK_ID=save_customers_to_excel
AIRFLOW_CTX_EXECUTION_DATE=2023-11-10T08:53:54.396059+00:00
AIRFLOW_CTX_TRY_NUMBER=1
AIRFLOW_CTX_DAG_RUN_ID=manual__2023-11-10T08:53:54.396059+00:00
[2023-11-10T08:54:01.861+0000] {base.py:73} INFO - Using connection ID 'postgres' for task execution.
[2023-11-10T08:54:01.871+0000] {taskinstance.py:1772} ERROR - Task failed with exception
Traceback (most recent call last):
  File "/home/airflow/.local/lib/python3.7/site-packages/pandas/core/indexes/base.py", line 3361, in get_loc
    return self._engine.get_loc(casted_key)
  File "pandas/_libs/index.pyx", line 76, in pandas._libs.index.IndexEngine.get_loc
  File "pandas/_libs/index.pyx", line 108, in pandas._libs.index.IndexEngine.get_loc
  File "pandas/_libs/hashtable_class_helper.pxi", line 5198, in pandas._libs.hashtable.PyObjectHashTable.get_item
  File "pandas/_libs/hashtable_class_helper.pxi", line 5206, in pandas._libs.hashtable.PyObjectHashTable.get_item
KeyError: 'Subscription'

The above exception was the direct cause of the following exception:

Traceback (most recent call last):
  File "/home/airflow/.local/lib/python3.7/site-packages/airflow/operators/python.py", line 175, in execute
    return_value = self.execute_callable()
  File "/home/airflow/.local/lib/python3.7/site-packages/airflow/operators/python.py", line 192, in execute_callable
    return self.python_callable(*self.op_args, **self.op_kwargs)
  File "/opt/airflow/dags/customers_.py", line 76, in _save_customers_to_excel
    df['Years_Until_Subscription'] = df['Subscription'].apply(years_until)
  File "/home/airflow/.local/lib/python3.7/site-packages/pandas/core/frame.py", line 3458, in __getitem__
    indexer = self.columns.get_loc(key)
  File "/home/airflow/.local/lib/python3.7/site-packages/pandas/core/indexes/base.py", line 3363, in get_loc
    raise KeyError(key) from err
KeyError: 'Subscription'
[2023-11-10T08:54:01.888+0000] {taskinstance.py:1327} INFO - Marking task as FAILED. dag_id=customers, task_id=save_customers_to_excel, execution_date=20231110T085354, start_date=20231110T085401, end_date=20231110T085401
[2023-11-10T08:54:01.905+0000] {standard_task_runner.py:105} ERROR - Failed to execute job 408 for task save_customers_to_excel ('Subscription'; 291)
[2023-11-10T08:54:01.926+0000] {local_task_job.py:159} INFO - Task exited with return code 1
[2023-11-10T08:54:01.951+0000] {taskinstance.py:2582} INFO - 0 downstream tasks scheduled from follow-on schedule check
