[2023-11-05T11:08:47.956+0000] {taskinstance.py:1165} INFO - Dependencies all met for <TaskInstance: customers.save_customers_to_excel manual__2023-11-05T11:08:41.210511+00:00 [queued]>
[2023-11-05T11:08:47.971+0000] {taskinstance.py:1165} INFO - Dependencies all met for <TaskInstance: customers.save_customers_to_excel manual__2023-11-05T11:08:41.210511+00:00 [queued]>
[2023-11-05T11:08:47.972+0000] {taskinstance.py:1362} INFO - 
--------------------------------------------------------------------------------
[2023-11-05T11:08:47.973+0000] {taskinstance.py:1363} INFO - Starting attempt 1 of 1
[2023-11-05T11:08:47.973+0000] {taskinstance.py:1364} INFO - 
--------------------------------------------------------------------------------
[2023-11-05T11:08:47.993+0000] {taskinstance.py:1383} INFO - Executing <Task(PythonOperator): save_customers_to_excel> on 2023-11-05 11:08:41.210511+00:00
[2023-11-05T11:08:48.000+0000] {standard_task_runner.py:55} INFO - Started process 2829 to run task
[2023-11-05T11:08:48.003+0000] {standard_task_runner.py:82} INFO - Running: ['***', 'tasks', 'run', 'customers', 'save_customers_to_excel', 'manual__2023-11-05T11:08:41.210511+00:00', '--job-id', '305', '--raw', '--subdir', 'DAGS_FOLDER/customers.py', '--cfg-path', '/tmp/tmp3tnk7aez']
[2023-11-05T11:08:48.004+0000] {standard_task_runner.py:83} INFO - Job 305: Subtask save_customers_to_excel
[2023-11-05T11:08:48.078+0000] {task_command.py:376} INFO - Running <TaskInstance: customers.save_customers_to_excel manual__2023-11-05T11:08:41.210511+00:00 [running]> on host 9d85c6014d6e
[2023-11-05T11:08:48.164+0000] {taskinstance.py:1592} INFO - Exporting the following env vars:
AIRFLOW_CTX_DAG_OWNER=***
AIRFLOW_CTX_DAG_ID=customers
AIRFLOW_CTX_TASK_ID=save_customers_to_excel
AIRFLOW_CTX_EXECUTION_DATE=2023-11-05T11:08:41.210511+00:00
AIRFLOW_CTX_TRY_NUMBER=1
AIRFLOW_CTX_DAG_RUN_ID=manual__2023-11-05T11:08:41.210511+00:00
[2023-11-05T11:08:48.175+0000] {base.py:71} INFO - Using connection ID 'postgres' for task execution.
[2023-11-05T11:08:48.182+0000] {taskinstance.py:1851} ERROR - Task failed with exception
Traceback (most recent call last):
  File "/home/airflow/.local/lib/python3.7/site-packages/pandas/io/sql.py", line 2056, in execute
    cur.execute(*args, **kwargs)
psycopg2.errors.UndefinedColumn: column "Customer_Id" does not exist
LINE 1: SELECT * FROM (SELECT DISTINCT ON ("Customer_Id") * FROM cus...
                                           ^
HINT:  Perhaps you meant to reference the column "customers.customer_id".


The above exception was the direct cause of the following exception:

Traceback (most recent call last):
  File "/home/airflow/.local/lib/python3.7/site-packages/airflow/operators/python.py", line 175, in execute
    return_value = self.execute_callable()
  File "/home/airflow/.local/lib/python3.7/site-packages/airflow/operators/python.py", line 193, in execute_callable
    return self.python_callable(*self.op_args, **self.op_kwargs)
  File "/opt/airflow/dags/customers.py", line 53, in _save_customers_to_excel
    df = hook.get_pandas_df(sql='SELECT * FROM (SELECT DISTINCT ON ("Customer_Id") * FROM customers ) AS unique_customers ORDER BY "index"')
  File "/home/airflow/.local/lib/python3.7/site-packages/airflow/providers/common/sql/hooks/sql.py", line 176, in get_pandas_df
    return psql.read_sql(sql, con=conn, params=parameters, **kwargs)
  File "/home/airflow/.local/lib/python3.7/site-packages/pandas/io/sql.py", line 608, in read_sql
    chunksize=chunksize,
  File "/home/airflow/.local/lib/python3.7/site-packages/pandas/io/sql.py", line 2116, in read_query
    cursor = self.execute(*args)
  File "/home/airflow/.local/lib/python3.7/site-packages/pandas/io/sql.py", line 2068, in execute
    raise ex from exc
pandas.io.sql.DatabaseError: Execution failed on sql 'SELECT * FROM (SELECT DISTINCT ON ("Customer_Id") * FROM customers ) AS unique_customers ORDER BY "index"': column "Customer_Id" does not exist
LINE 1: SELECT * FROM (SELECT DISTINCT ON ("Customer_Id") * FROM cus...
                                           ^
HINT:  Perhaps you meant to reference the column "customers.customer_id".

[2023-11-05T11:08:48.200+0000] {taskinstance.py:1406} INFO - Marking task as FAILED. dag_id=customers, task_id=save_customers_to_excel, execution_date=20231105T110841, start_date=20231105T110847, end_date=20231105T110848
[2023-11-05T11:08:48.218+0000] {standard_task_runner.py:105} ERROR - Failed to execute job 305 for task save_customers_to_excel (Execution failed on sql 'SELECT * FROM (SELECT DISTINCT ON ("Customer_Id") * FROM customers ) AS unique_customers ORDER BY "index"': column "Customer_Id" does not exist
LINE 1: SELECT * FROM (SELECT DISTINCT ON ("Customer_Id") * FROM cus...
                                           ^
HINT:  Perhaps you meant to reference the column "customers.customer_id".
; 2829)
[2023-11-05T11:08:48.255+0000] {local_task_job.py:164} INFO - Task exited with return code 1
[2023-11-05T11:08:48.282+0000] {local_task_job.py:273} INFO - 0 downstream tasks scheduled from follow-on schedule check
